[2025-08-02 13:43:45] User david logged in.
[2025-08-02 13:43:52] Command entered: help
[2025-08-02 13:43:52] User data saved.
[2025-08-02 13:44:26] Command entered: wsp
[2025-08-02 13:44:26] User data saved.
[2025-08-02 13:48:10] User david logged in.
[2025-08-02 13:48:13] Command entered: help
[2025-08-02 13:48:13] User data saved.
[2025-08-02 13:48:20] Command entered: calc
[2025-08-02 13:48:31] User data saved.
[2025-08-02 13:48:41] Command entered: ascii_anim
[2025-08-02 13:48:41] User data saved.
[2025-08-02 13:48:48] Command entered: help
[2025-08-02 13:48:48] User data saved.
[2025-08-02 13:48:54] Command entered: password
[2025-08-02 13:48:56] User data saved.
[2025-08-02 13:49:03] Command entered: clear
[2025-08-02 13:49:03] User data saved.
[2025-08-02 13:49:06] Command entered: help
[2025-08-02 13:49:06] User data saved.
[2025-08-02 13:49:14] Command entered: random_joke
[2025-08-02 13:49:14] User data saved.
[2025-08-02 13:49:23] Command entered: random_joke
[2025-08-02 13:49:23] User data saved.
[2025-08-02 13:49:51] Command entered: fortune
[2025-08-02 13:49:51] User data saved.
[2025-08-02 13:49:55] Command entered: fortune
[2025-08-02 13:49:55] User data saved.
[2025-08-02 13:50:00] Command entered: sr
[2025-08-02 13:50:00] User data saved.
[2025-08-02 13:50:03] Command entered: fortune
[2025-08-02 13:50:03] User data saved.
[2025-08-02 13:50:07] Command entered: time
[2025-08-02 13:50:07] User data saved.
[2025-08-02 13:50:14] Command entered: exit
[2025-08-02 13:50:14] User data saved.
[2025-08-02 13:50:14] User exited program.
[2025-08-02 13:50:14] User data saved.
[2025-08-02 13:53:37] User david logged in.
[2025-08-02 13:53:44] Command entered: help
[2025-08-02 13:53:44] User data saved.
[2025-08-02 13:53:50] Command entered: calc
[2025-08-02 13:54:00] User data saved.
[2025-08-02 13:54:02] Command entered: time
[2025-08-02 13:54:02] User data saved.
[2025-08-02 13:54:08] Command entered: en
[2025-08-02 13:54:08] User data saved.
[2025-08-02 13:54:12] Command entered: neofetch
[2025-08-02 13:54:12] User data saved.
[2025-08-02 13:54:16] Command entered: clear
[2025-08-02 13:54:16] User data saved.
[2025-08-02 13:54:18] Command entered: help
[2025-08-02 13:54:18] User data saved.
[2025-08-02 13:54:22] Command entered: ascii
[2025-08-02 13:54:26] User data saved.
[2025-08-02 13:54:36] Command entered: ascii_anim
[2025-08-02 13:54:36] User data saved.
[2025-08-02 13:54:39] Command entered: clear
[2025-08-02 13:54:39] User data saved.
[2025-08-02 13:54:41] Command entered: help
[2025-08-02 13:54:41] User data saved.
[2025-08-02 13:54:46] Command entered: password
[2025-08-02 13:54:49] User data saved.
[2025-08-02 13:54:58] Command entered: random_joke
[2025-08-02 13:54:58] User data saved.
[2025-08-02 13:55:06] Command entered: random_joke
[2025-08-02 13:55:06] User data saved.
[2025-08-02 13:55:15] Command entered: fortune
[2025-08-02 13:55:15] User data saved.
[2025-08-02 13:55:23] Command entered: quit
[2025-08-02 13:55:23] User david exited program.
[2025-08-02 13:55:23] User data saved.
[2025-08-02 13:58:18] User david logged in.
[2025-08-02 13:58:20] Command entered: help
[2025-08-02 13:58:20] User data saved.
[2025-08-02 13:58:23] Command entered: calc
[2025-08-02 13:58:31] User data saved.
[2025-08-02 13:58:33] Command entered: time
[2025-08-02 13:58:33] User data saved.
[2025-08-02 13:58:39] Command entered: neofetch
[2025-08-02 13:58:39] User data saved.
[2025-08-02 13:58:42] Command entered: clear
[2025-08-02 13:58:42] User data saved.
[2025-08-02 13:58:44] Command entered: help
[2025-08-02 13:58:44] User data saved.
[2025-08-02 13:58:47] Command entered: ascii
[2025-08-02 13:58:51] User data saved.
[2025-08-02 13:59:02] Command entered: ascii_anim
[2025-08-02 13:59:02] User data saved.
[2025-08-02 13:59:05] Command entered: clear
[2025-08-02 13:59:05] User data saved.
[2025-08-02 13:59:07] Command entered: help
[2025-08-02 13:59:07] User data saved.
[2025-08-02 13:59:11] Command entered: password
[2025-08-02 13:59:14] User data saved.
[2025-08-02 13:59:24] Command entered: random_joke
[2025-08-02 13:59:24] User data saved.
[2025-08-02 13:59:34] Command entered: random_joke
[2025-08-02 13:59:34] User data saved.
[2025-08-02 13:59:36] Command entered: random_joke
[2025-08-02 13:59:37] User data saved.
[2025-08-02 13:59:39] Command entered: random_joke
[2025-08-02 13:59:39] User data saved.
[2025-08-02 13:59:42] Command entered: random_joke
[2025-08-02 13:59:42] User data saved.
[2025-08-02 13:59:44] Command entered: random_joke
[2025-08-02 13:59:44] User data saved.
[2025-08-02 13:59:45] Command entered: random_joke
[2025-08-02 13:59:45] User data saved.
[2025-08-02 13:59:46] Command entered: random_joke
[2025-08-02 13:59:46] User data saved.
[2025-08-02 13:59:47] Command entered: random_joke
[2025-08-02 13:59:47] User data saved.
[2025-08-02 13:59:48] Command entered: random_joke
[2025-08-02 13:59:48] User data saved.
[2025-08-02 13:59:48] Command entered: random_joke
[2025-08-02 13:59:49] User data saved.
[2025-08-02 13:59:49] Command entered: random_joke
[2025-08-02 13:59:49] User data saved.
[2025-08-02 13:59:50] Command entered: random_joke
[2025-08-02 13:59:50] User data saved.
[2025-08-02 13:59:50] Command entered: random_joke
[2025-08-02 13:59:51] User data saved.
[2025-08-02 13:59:56] Command entered: fortune
[2025-08-02 13:59:56] User data saved.
[2025-08-02 14:00:02] Command entered: sr
[2025-08-02 14:00:02] User data saved.
[2025-08-02 14:00:05] Command entered: fortune
[2025-08-02 14:00:05] User data saved.
[2025-08-02 14:00:07] Command entered: random_joke
[2025-08-02 14:00:08] User data saved.
[2025-08-02 14:00:15] Command entered: quit
[2025-08-02 14:00:15] User david exited program.
[2025-08-02 14:00:15] User data saved.
