[2025-10-01 21:41:25] User a logged in.
[2025-10-01 21:41:29] Command entered: code
[2025-10-01 21:41:29] User data saved.
[2025-10-01 21:42:51] User a logged in.
[2025-10-01 21:42:54] Command entered: code
[2025-10-01 21:42:54] User data saved.
[2025-10-01 21:44:50] User a logged in.
[2025-10-01 21:44:54] Command entered: code
[2025-10-01 21:44:54] User data saved.
[2025-10-01 21:47:53] User a logged in.
[2025-10-01 21:47:56] Command entered: code
[2025-10-01 21:47:56] User data saved.
[2025-10-01 21:50:52] User a logged in.
[2025-10-01 21:50:55] Command entered: code
[2025-10-01 21:50:55] User data saved.
[2025-10-01 21:52:22] User a logged in.
[2025-10-01 21:52:25] Command entered: code
[2025-10-01 21:52:25] User data saved.
[2025-10-01 21:52:52] Command entered: pip
[2025-10-01 21:52:52] User data saved.
[2025-10-01 21:52:56] Command entered: help
[2025-10-01 21:52:56] User data saved.
[2025-10-01 21:53:02] Command entered: pip
[2025-10-01 21:53:02] User data saved.
[2025-10-01 21:53:15] Command entered: pip_install
[2025-10-01 21:53:15] User data saved.
[2025-10-01 21:53:23] Command entered: pip_install numpy
[2025-10-01 21:53:27] User data saved.
[2025-10-01 21:53:32] Command entered: code
[2025-10-01 21:53:32] User data saved.
