[2025-10-01 12:13:54] User admin logged in.
[2025-10-01 12:13:59] Command entered: help
[2025-10-01 12:13:59] User data saved.
[2025-10-01 12:14:13] Command entered: messege
[2025-10-01 12:14:13] User data saved.
[2025-10-01 12:14:19] Command entered: clear
[2025-10-01 12:14:19] User data saved.
[2025-10-01 12:14:21] Command entered: sr
[2025-10-01 12:14:21] User data saved.
[2025-10-01 12:14:24] Command entered: help
[2025-10-01 12:14:24] User data saved.
[2025-10-01 12:14:31] Command entered: dods_attack
[2025-10-01 12:14:31] User data saved.
[2025-10-01 12:14:39] Command entered: dods_attack
[2025-10-01 12:14:39] User data saved.
[2025-10-01 12:14:57] Command entered: dos_attack
[2025-10-01 12:15:12] User data saved.
[2025-10-01 12:15:49] Command entered: dos_attack
[2025-10-01 18:21:42] User admin logged in.
[2025-10-01 18:21:46] Command entered: help
[2025-10-01 18:21:46] User data saved.
[2025-10-01 18:24:02] Command entered: search
[2025-10-01 18:24:20] User data saved.
[2025-10-01 21:21:07] User admin logged in.
[2025-10-01 21:21:10] Command entered: help
[2025-10-01 21:22:50] User admin logged in.
[2025-10-01 21:22:55] Command entered: help
[2025-10-01 21:22:55] User data saved.
[2025-10-01 21:23:00] Command entered: code
[2025-10-01 21:23:00] User data saved.
[2025-10-01 21:23:07] Command entered: eng
[2025-10-01 21:23:07] User data saved.
[2025-10-01 21:23:09] Command entered: en
[2025-10-01 21:23:09] User data saved.
[2025-10-01 21:23:11] Command entered: help
[2025-10-01 21:23:11] User data saved.
[2025-10-01 21:23:28] Command entered: code
[2025-10-01 21:23:28] User data saved.
[2025-10-01 21:25:21] User admin logged in.
[2025-10-01 21:25:25] Command entered: cod
[2025-10-01 21:25:25] User data saved.
[2025-10-01 21:25:28] Command entered: code
[2025-10-01 21:25:28] User data saved.
[2025-10-01 21:25:46] Command entered: print("hello world")
[2025-10-01 21:25:46] User data saved.
[2025-10-01 21:25:49] Command entered: code
[2025-10-01 21:25:49] User data saved.
[2025-10-01 21:27:22] User admin logged in.
[2025-10-01 21:27:25] Command entered: code
[2025-10-01 21:27:25] User data saved.
[2025-10-01 21:29:11] User admin logged in.
[2025-10-01 21:29:13] Command entered: code
[2025-10-01 21:29:13] User data saved.
[2025-10-01 21:30:29] User admin logged in.
[2025-10-01 21:30:32] Command entered: code
[2025-10-01 21:30:32] User data saved.
[2025-10-01 21:31:50] User admin logged in.
[2025-10-01 21:31:53] Command entered: code
[2025-10-01 21:31:53] User data saved.
[2025-10-01 21:34:51] User admin logged in.
[2025-10-01 21:34:55] Command entered: code
[2025-10-01 21:34:55] User data saved.
[2025-10-01 21:35:45] User admin logged in.
[2025-10-01 21:35:49] Command entered: code
[2025-10-01 21:35:49] User data saved.
[2025-10-01 21:36:37] User admin logged in.
[2025-10-01 21:36:41] Command entered: code
[2025-10-01 21:36:41] User data saved.
[2025-10-01 21:37:40] User admin logged in.
[2025-10-01 21:37:44] Command entered: code
[2025-10-01 21:37:44] User data saved.
[2025-10-01 21:39:37] User admin logged in.
[2025-10-01 21:39:41] Command entered: code
[2025-10-01 21:39:41] User data saved.
[2025-10-01 21:40:23] User admin logged in.
[2025-10-01 21:40:28] Command entered: code
[2025-10-01 21:40:28] User data saved.
